<?xml version="1.0" encoding="UTF-8"?>
<!-- Generated by org.testng.reporters.JUnitXMLReporter -->
<testsuite hostname="RAJESH-PC" name="Default test" tests="2" failures="0" timestamp="25 Dec 2017 09:18:36 GMT" time="0.118" errors="0">
  <testcase name="hashmap" time="0.036" classname="Framework.FrameworkDesign.MapDemo"/>
  <testcase name="retrieveValuesFromListMethod" time="0.005" classname="Framework.FrameworkDesign.MapDemo">
    <skipped/>
  </testcase> <!-- retrieveValuesFromListMethod -->
</testsuite> <!-- Default test -->
