<?xml version="1.0" encoding="UTF-8"?>
<testng-results skipped="0" failed="1" total="2" passed="1">
  <reporter-output>
  </reporter-output>
  <suite name="Default suite" duration-ms="118" started-at="2017-12-25T09:18:36Z" finished-at="2017-12-25T09:18:36Z">
    <groups>
    </groups>
    <test name="Default test" duration-ms="118" started-at="2017-12-25T09:18:36Z" finished-at="2017-12-25T09:18:36Z">
      <class name="Framework.FrameworkDesign.MapDemo">
        <test-method status="PASS" signature="hashmap()[pri:0, instance:Framework.FrameworkDesign.MapDemo@33afa13b]" name="hashmap" duration-ms="36" started-at="2017-12-25T14:48:36Z" finished-at="2017-12-25T14:48:36Z">
          <reporter-output>
          </reporter-output>
        </test-method> <!-- hashmap -->
        <test-method status="FAIL" signature="retrieveValuesFromListMethod(java.util.Map)[pri:0, instance:Framework.FrameworkDesign.MapDemo@33afa13b]" name="retrieveValuesFromListMethod" duration-ms="0" started-at="2017-12-25T14:48:36Z" finished-at="2017-12-25T14:48:36Z">
          <exception class="org.testng.TestNGException">
            <message>
              <![CDATA[
Method retrieveValuesFromListMethod requires 1 parameters but 0 were supplied in the @Test annotation.]]>
            </message>
            <full-stacktrace>
              <![CDATA[org.testng.TestNGException: 
Method retrieveValuesFromListMethod requires 1 parameters but 0 were supplied in the @Test annotation.
	at org.testng.internal.Parameters.checkParameterTypes(Parameters.java:198)
	at org.testng.internal.Parameters.createParameters(Parameters.java:134)
	at org.testng.internal.Parameters.createParameters(Parameters.java:373)
	at org.testng.internal.Parameters.handleParameters(Parameters.java:450)
	at org.testng.internal.Invoker.handleParameters(Invoker.java:1383)
	at org.testng.internal.Invoker.createParameters(Invoker.java:1075)
	at org.testng.internal.Invoker.invokeTestMethods(Invoker.java:1180)
	at org.testng.internal.TestMethodWorker.invokeTestMethods(TestMethodWorker.java:127)
	at org.testng.internal.TestMethodWorker.run(TestMethodWorker.java:111)
	at org.testng.TestRunner.privateRun(TestRunner.java:767)
	at org.testng.TestRunner.run(TestRunner.java:617)
	at org.testng.SuiteRunner.runTest(SuiteRunner.java:334)
	at org.testng.SuiteRunner.runSequentially(SuiteRunner.java:329)
	at org.testng.SuiteRunner.privateRun(SuiteRunner.java:291)
	at org.testng.SuiteRunner.run(SuiteRunner.java:240)
	at org.testng.SuiteRunnerWorker.runSuite(SuiteRunnerWorker.java:52)
	at org.testng.SuiteRunnerWorker.run(SuiteRunnerWorker.java:86)
	at org.testng.TestNG.runSuitesSequentially(TestNG.java:1224)
	at org.testng.TestNG.runSuitesLocally(TestNG.java:1149)
	at org.testng.TestNG.run(TestNG.java:1057)
	at org.testng.remote.AbstractRemoteTestNG.run(AbstractRemoteTestNG.java:126)
	at org.testng.remote.RemoteTestNG.initAndRun(RemoteTestNG.java:137)
	at org.testng.remote.RemoteTestNG.main(RemoteTestNG.java:58)
]]>
            </full-stacktrace>
          </exception> <!-- org.testng.TestNGException -->
          <reporter-output>
          </reporter-output>
        </test-method> <!-- retrieveValuesFromListMethod -->
      </class> <!-- Framework.FrameworkDesign.MapDemo -->
    </test> <!-- Default test -->
  </suite> <!-- Default suite -->
</testng-results>
